<?xml version="1.0" encoding="UTF-8"?>
<!-- Generated by org.testng.reporters.JUnitReportReporter -->
<testsuite hostname="LAPTOP-A35M3Q06" failures="0" tests="1" name="stepDefination.TestRunner" time="16.391" errors="0" timestamp="2022-10-04T11:30:29 EDT" skipped="0">
  <testcase classname="stepDefination.TestRunner" name="runScenario" time="16.391"/>
  <system-out/>
</testsuite> <!-- stepDefination.TestRunner -->
